<?xml version="1.0" encoding="UTF-8"?>
<!-- Generated by org.testng.reporters.JUnitXMLReporter -->
<testsuite ignored="0" hostname="sanket" failures="0" tests="8" name="Test" time="0.039" errors="0" timestamp="2023-02-12T15:11:18 IST">
  <testcase classname="testNG.testNG" name="testA" time="0.004"/>
  <testcase classname="testNG.testNG" name="testB" time="0.001"/>
  <testcase classname="testNG.testNG" name="testC" time="0.0"/>
  <testcase classname="testNG.testNG" name="testD" time="0.0"/>
  <testcase classname="testNG.Automation" name="test1" time="0.001"/>
  <testcase classname="testNG.Automation" name="test2" time="0.001"/>
  <testcase classname="testNG.Automation" name="test3" time="0.0"/>
  <testcase classname="testNG.Automation" name="test4" time="0.001"/>
</testsuite> <!-- Test -->
